<?xml version="1.0" encoding="UTF-8"?>
<!-- Generated by org.testng.reporters.JUnitReportReporter -->
<testsuite hostname="DESKTOP-VDPC38M" failures="0" tests="2" name="testRunner.TestRunner" time="283.548" errors="0" timestamp="2022-09-14T14:45:26 IST" skipped="0">
  <testcase classname="testRunner.TestRunner" name="runScenario" time="141.540"/>
  <system-out/>
  <testcase classname="testRunner.TestRunner" name="runScenario" time="142.008"/>
  <system-out/>
</testsuite> <!-- testRunner.TestRunner -->
